z:\modern_opengl\modern_opengl\debug\vc140.pdb
z:\modern_opengl\modern_opengl\debug\vc140.idb
z:\modern_opengl\modern_opengl\debug\aabb.obj
z:\modern_opengl\modern_opengl\debug\camera.obj
z:\modern_opengl\modern_opengl\debug\collider.obj
z:\modern_opengl\modern_opengl\debug\cube.obj
z:\modern_opengl\modern_opengl\debug\drawable.obj
z:\modern_opengl\modern_opengl\debug\gameobject.obj
z:\modern_opengl\modern_opengl\debug\graphicshandler.obj
z:\modern_opengl\modern_opengl\debug\input.obj
z:\modern_opengl\modern_opengl\debug\level01.obj
z:\modern_opengl\modern_opengl\debug\main.obj
z:\modern_opengl\modern_opengl\debug\mesh.obj
z:\modern_opengl\modern_opengl\debug\physics.obj
z:\modern_opengl\modern_opengl\debug\raycasthit.obj
z:\modern_opengl\modern_opengl\debug\rigidbody.obj
z:\modern_opengl\modern_opengl\debug\scene.obj
z:\modern_opengl\modern_opengl\debug\scenemanager.obj
z:\modern_opengl\modern_opengl\debug\transform.obj
z:\modern_opengl\debug\modern_opengl.ilk
z:\modern_opengl\debug\modern_opengl.exe
z:\modern_opengl\debug\modern_opengl.pdb
z:\modern_opengl\modern_opengl\debug\modern_opengl.tlog\cl.command.1.tlog
z:\modern_opengl\modern_opengl\debug\modern_opengl.tlog\cl.read.1.tlog
z:\modern_opengl\modern_opengl\debug\modern_opengl.tlog\cl.write.1.tlog
z:\modern_opengl\modern_opengl\debug\modern_opengl.tlog\link.command.1.tlog
z:\modern_opengl\modern_opengl\debug\modern_opengl.tlog\link.read.1.tlog
z:\modern_opengl\modern_opengl\debug\modern_opengl.tlog\link.write.1.tlog
